<?xml version="1.0" encoding="UTF-8"?>
<!-- Generated by org.testng.reporters.JUnitXMLReporter -->
<testsuite ignored="1" hostname="DESKTOP-SP68SA8" failures="0" tests="1" name="Default test" time="21.686" errors="0" timestamp="2022-08-18T09:08:10 IST">
  <testcase classname="ExecuteTests.TableTest" name="verifyTextNames" time="2.138"/>
  <testcase classname="ExecuteTests.TableTest" name="VerifyPersonsOffice" time="0.0">
    <ignored/>
  </testcase> <!-- VerifyPersonsOffice -->
</testsuite> <!-- Default test -->
